# JRE version: OpenJDK Runtime Environment (11.0.13) (build 11.0.13+0-b1751.21-8125866)
# Java VM: OpenJDK 64-Bit Server VM (11.0.13+0-b1751.21-8125866, mixed mode, tiered, compressed oops, g1 gc, windows-amd64)
Heap:
 garbage-first heap   total 465920K, used 297984K [0x0000000080000000, 0x0000000100000000)
  region size 1024K, 36 young (36864K), 3 survivors (3072K)
 Metaspace       used 211724K, capacity 217546K, committed 217724K, reserved 1255424K
  class space    used 26927K, capacity 29080K, committed 29132K, reserved 1048576K
GC Heap History (20 events):
Event: 2680.766 GC heap after
{Heap after GC invocations=194 (full 0):
 garbage-first heap   total 330752K, used 234769K [0x0000000080000000, 0x0000000100000000)
  region size 1024K, 1 young (1024K), 1 survivors (1024K)
 Metaspace       used 203603K, capacity 208939K, committed 209276K, reserved 1230848K
  class space    used 25876K, capacity 27790K, committed 27852K, reserved 1048576K
}
Event: 2680.864 GC heap before
{Heap before GC invocations=194 (full 0):
 garbage-first heap   total 330752K, used 269585K [0x0000000080000000, 0x0000000100000000)
  region size 1024K, 35 young (35840K), 1 survivors (1024K)
 Metaspace       used 203912K, capacity 209227K, committed 209532K, reserved 1230848K
  class space    used 25898K, capacity 27822K, committed 27852K, reserved 1048576K
}
Event: 2680.869 GC heap after
{Heap after GC invocations=195 (full 0):
 garbage-first heap   total 397312K, used 235555K [0x0000000080000000, 0x0000000100000000)
  region size 1024K, 2 young (2048K), 2 survivors (2048K)
 Metaspace       used 203912K, capacity 209227K, committed 209532K, reserved 1230848K
  class space    used 25898K, capacity 27822K, committed 27852K, reserved 1048576K
}
Event: 2681.202 GC heap before
{Heap before GC invocations=196 (full 0):
 garbage-first heap   total 397312K, used 292899K [0x0000000080000000, 0x0000000100000000)
  region size 1024K, 60 young (61440K), 2 survivors (2048K)
 Metaspace       used 204061K, capacity 209355K, committed 209532K, reserved 1230848K
  class space    used 25902K, capacity 27822K, committed 27852K, reserved 1048576K
}
Event: 2681.205 GC heap after
{Heap after GC invocations=197 (full 0):
 garbage-first heap   total 397312K, used 234759K [0x0000000080000000, 0x0000000100000000)
  region size 1024K, 2 young (2048K), 2 survivors (2048K)
 Metaspace       used 204061K, capacity 209355K, committed 209532K, reserved 1230848K
  class space    used 25902K, capacity 27822K, committed 27852K, reserved 1048576K
}
Event: 2681.470 GC heap before
{Heap before GC invocations=197 (full 0):
 garbage-first heap   total 397312K, used 253191K [0x0000000080000000, 0x0000000100000000)
  region size 1024K, 19 young (19456K), 2 survivors (2048K)
 Metaspace       used 204076K, capacity 209419K, committed 209532K, reserved 1230848K
  class space    used 25904K, capacity 27822K, committed 27852K, reserved 1048576K
}
Event: 2681.473 GC heap after
{Heap after GC invocations=198 (full 0):
 garbage-first heap   total 397312K, used 222504K [0x0000000080000000, 0x0000000100000000)
  region size 1024K, 1 young (1024K), 1 survivors (1024K)
 Metaspace       used 204076K, capacity 209419K, committed 209532K, reserved 1230848K
  class space    used 25904K, capacity 27822K, committed 27852K, reserved 1048576K
}
Event: 2682.368 GC heap before
{Heap before GC invocations=198 (full 0):
 garbage-first heap   total 397312K, used 292136K [0x0000000080000000, 0x0000000100000000)
  region size 1024K, 70 young (71680K), 1 survivors (1024K)
 Metaspace       used 205845K, capacity 211202K, committed 211324K, reserved 1232896K
  class space    used 26091K, capacity 28031K, committed 28108K, reserved 1048576K
}
Event: 2682.376 GC heap after
{Heap after GC invocations=199 (full 0):
 garbage-first heap   total 397312K, used 225706K [0x0000000080000000, 0x0000000100000000)
  region size 1024K, 4 young (4096K), 4 survivors (4096K)
 Metaspace       used 205845K, capacity 211202K, committed 211324K, reserved 1232896K
  class space    used 26091K, capacity 28031K, committed 28108K, reserved 1048576K
}
Event: 2683.228 GC heap before
{Heap before GC invocations=200 (full 0):
 garbage-first heap   total 397312K, used 298410K [0x0000000080000000, 0x0000000100000000)
  region size 1024K, 76 young (77824K), 4 survivors (4096K)
 Metaspace       used 206765K, capacity 212184K, committed 212476K, reserved 1232896K
  class space    used 26211K, capacity 28165K, committed 28236K, reserved 1048576K
}
Event: 2683.237 GC heap after
{Heap after GC invocations=201 (full 0):
 garbage-first heap   total 397312K, used 229518K [0x0000000080000000, 0x0000000100000000)
  region size 1024K, 8 young (8192K), 8 survivors (8192K)
 Metaspace       used 206765K, capacity 212184K, committed 212476K, reserved 1232896K
  class space    used 26211K, capacity 28165K, committed 28236K, reserved 1048576K
}
Event: 2683.341 GC heap before
{Heap before GC invocations=201 (full 0):
 garbage-first heap   total 397312K, used 239758K [0x0000000080000000, 0x0000000100000000)
  region size 1024K, 19 young (19456K), 8 survivors (8192K)
 Metaspace       used 206773K, capacity 212188K, committed 212476K, reserved 1232896K
  class space    used 26211K, capacity 28166K, committed 28236K, reserved 1048576K
}
Event: 2683.352 GC heap after
{Heap after GC invocations=202 (full 0):
 garbage-first heap   total 465920K, used 225245K [0x0000000080000000, 0x0000000100000000)
  region size 1024K, 2 young (2048K), 2 survivors (2048K)
 Metaspace       used 206773K, capacity 212188K, committed 212476K, reserved 1232896K
  class space    used 26211K, capacity 28166K, committed 28236K, reserved 1048576K
}
Event: 2684.388 GC heap before
{Heap before GC invocations=202 (full 0):
 garbage-first heap   total 465920K, used 320477K [0x0000000080000000, 0x0000000100000000)
  region size 1024K, 96 young (98304K), 2 survivors (2048K)
 Metaspace       used 206840K, capacity 212252K, committed 212476K, reserved 1232896K
  class space    used 26217K, capacity 28166K, committed 28236K, reserved 1048576K
}
Event: 2684.399 GC heap after
{Heap after GC invocations=203 (full 0):
 garbage-first heap   total 465920K, used 232356K [0x0000000080000000, 0x0000000100000000)
  region size 1024K, 9 young (9216K), 9 survivors (9216K)
 Metaspace       used 206840K, capacity 212252K, committed 212476K, reserved 1232896K
  class space    used 26217K, capacity 28166K, committed 28236K, reserved 1048576K
}
Event: 2685.282 GC heap before
{Heap before GC invocations=204 (full 0):
 garbage-first heap   total 465920K, used 340900K [0x0000000080000000, 0x0000000100000000)
  region size 1024K, 116 young (118784K), 9 survivors (9216K)
 Metaspace       used 207421K, capacity 212926K, committed 213116K, reserved 1234944K
  class space    used 26303K, capacity 28280K, committed 28364K, reserved 1048576K
}
Event: 2685.302 GC heap after
{Heap after GC invocations=205 (full 0):
 garbage-first heap   total 465920K, used 249576K [0x0000000080000000, 0x0000000100000000)
  region size 1024K, 15 young (15360K), 15 survivors (15360K)
 Metaspace       used 207421K, capacity 212926K, committed 213116K, reserved 1234944K
  class space    used 26303K, capacity 28280K, committed 28364K, reserved 1048576K
}
Event: 2685.584 GC heap before
{Heap before GC invocations=205 (full 0):
 garbage-first heap   total 465920K, used 359144K [0x0000000080000000, 0x0000000100000000)
  region size 1024K, 123 young (125952K), 15 survivors (15360K)
 Metaspace       used 209323K, capacity 214896K, committed 214908K, reserved 1234944K
  class space    used 26575K, capacity 28618K, committed 28620K, reserved 1048576K
}
Event: 2685.600 GC heap after
{Heap after GC invocations=206 (full 0):
 garbage-first heap   total 465920K, used 258077K [0x0000000080000000, 0x0000000100000000)
  region size 1024K, 15 young (15360K), 15 survivors (15360K)
 Metaspace       used 209323K, capacity 214896K, committed 214908K, reserved 1234944K
  class space    used 26575K, capacity 28618K, committed 28620K, reserved 1048576K
}
Event: 2685.972 GC heap before
{Heap before GC invocations=207 (full 0):
 garbage-first heap   total 465920K, used 365597K [0x0000000080000000, 0x0000000100000000)
  region size 1024K, 121 young (123904K), 15 survivors (15360K)
 Metaspace       used 211419K, capacity 217245K, committed 217468K, reserved 1251328K
  class space    used 26882K, capacity 29048K, committed 29132K, reserved 1048576K
}

